=== SimConfig ===
[grid]
  nx=320  ny=320  dx=0.1  dy=0.1
  Lx=32 (derived: dx*nx)  Ly=32 (derived: dy*ny)
  boundary_mode=PBC
[physics]
  temperature=8  rho1=0.2  rho2=0.2  cutoff_radius=8
[interaction] 3-Yukawa parameters (A / alpha):
  pair 11: A1=150.6561 a1=1.923254  A2=-122.613 a2=1.26115  A3=27.11811 a3=0.75669  
  pair 12: A1=413.5305 a1=3.405465  A2=-275.687 a2=3  A3=0 a3=1  
  pair 22: A1=413.5305 a1=3.405465  A2=-275.687 a2=3  A3=0 a3=1  
[solver]
  max_iter=50000  tol=1.00e-08  xi1=0.02  xi2=0.02
  error_change_threshold=1.00e-10  xi_damping_factor=1
[output]
  output_dir=/mnt/shared/Studying_2026_2/ACS/SALR3YUCUDA/analysis/results/real_params_cuda_vs_cpu_20260413_010021/cuda  save_every=100

Starting Picard iteration  (tol=1.00e-08, max_iter=50000)

  CUDA device: NVIDIA GeForce RTX 4060 Laptop GPU  (SM 8.9, 2250 MHz, 7807 MB)
  Grid: 320x320 = 102400 points, 102400 interior
  iter    100   err=1.891e-04   err_delta=8.202e-07   xi1=0.0200   xi2=0.0200   rho1[0.1021,0.2000,0.3100]  rho2[0.1155,0.2000,0.2806]
  iter    200   err=1.281e-04   err_delta=4.569e-07   xi1=0.0200   xi2=0.0200   rho1[0.1327,0.2000,0.2837]  rho2[0.1351,0.2000,0.2548]
  iter    300   err=9.162e-05   err_delta=2.929e-07   xi1=0.0200   xi2=0.0200   rho1[0.1517,0.2000,0.2644]  rho2[0.1497,0.2000,0.2391]
  iter    400   err=6.727e-05   err_delta=2.027e-07   xi1=0.0200   xi2=0.0200   rho1[0.1646,0.2000,0.2497]  rho2[0.1610,0.2000,0.2286]
  iter    500   err=5.006e-05   err_delta=1.462e-07   xi1=0.0200   xi2=0.0200   rho1[0.1736,0.2000,0.2383]  rho2[0.1699,0.2000,0.2212]
  iter    600   err=3.749e-05   err_delta=1.079e-07   xi1=0.0200   xi2=0.0200   rho1[0.1802,0.2000,0.2294]  rho2[0.1768,0.2000,0.2159]
  iter    700   err=2.815e-05   err_delta=8.051e-08   xi1=0.0200   xi2=0.0200   rho1[0.1850,0.2000,0.2225]  rho2[0.1822,0.2000,0.2120]
  iter    800   err=2.117e-05   err_delta=6.042e-08   xi1=0.0200   xi2=0.0200   rho1[0.1886,0.2000,0.2171]  rho2[0.1864,0.2000,0.2091]
  iter    900   err=1.592e-05   err_delta=4.544e-08   xi1=0.0200   xi2=0.0200   rho1[0.1913,0.2000,0.2130]  rho2[0.1896,0.2000,0.2069]
  iter   1000   err=1.197e-05   err_delta=3.419e-08   xi1=0.0200   xi2=0.0200   rho1[0.1934,0.2000,0.2099]  rho2[0.1921,0.2000,0.2053]
  iter   1100   err=8.996e-06   err_delta=2.572e-08   xi1=0.0200   xi2=0.0200   rho1[0.1949,0.2000,0.2075]  rho2[0.1940,0.2000,0.2040]
  iter   1200   err=6.761e-06   err_delta=1.934e-08   xi1=0.0200   xi2=0.0200   rho1[0.1961,0.2000,0.2057]  rho2[0.1955,0.2000,0.2031]
  iter   1300   err=5.081e-06   err_delta=1.454e-08   xi1=0.0200   xi2=0.0200   rho1[0.1970,0.2000,0.2043]  rho2[0.1966,0.2000,0.2024]
  iter   1400   err=3.819e-06   err_delta=1.092e-08   xi1=0.0200   xi2=0.0200   rho1[0.1977,0.2000,0.2033]  rho2[0.1974,0.2000,0.2018]
  iter   1500   err=2.870e-06   err_delta=8.202e-09   xi1=0.0200   xi2=0.0200   rho1[0.1982,0.2000,0.2025]  rho2[0.1980,0.2000,0.2014]
  iter   1600   err=2.158e-06   err_delta=6.160e-09   xi1=0.0200   xi2=0.0200   rho1[0.1987,0.2000,0.2019]  rho2[0.1985,0.2000,0.2011]
  iter   1700   err=1.623e-06   err_delta=4.626e-09   xi1=0.0200   xi2=0.0200   rho1[0.1990,0.2000,0.2014]  rho2[0.1989,0.2000,0.2008]
  iter   1800   err=1.222e-06   err_delta=3.475e-09   xi1=0.0200   xi2=0.0200   rho1[0.1992,0.2000,0.2011]  rho2[0.1991,0.2000,0.2006]
  iter   1900   err=9.198e-07   err_delta=2.611e-09   xi1=0.0200   xi2=0.0200   rho1[0.1994,0.2000,0.2008]  rho2[0.1993,0.2000,0.2005]
  iter   2000   err=6.929e-07   err_delta=1.963e-09   xi1=0.0200   xi2=0.0200   rho1[0.1995,0.2000,0.2006]  rho2[0.1995,0.2000,0.2004]
  iter   2100   err=5.224e-07   err_delta=1.476e-09   xi1=0.0200   xi2=0.0200   rho1[0.1996,0.2000,0.2005]  rho2[0.1996,0.2000,0.2003]
  iter   2200   err=3.941e-07   err_delta=1.110e-09   xi1=0.0200   xi2=0.0200   rho1[0.1997,0.2000,0.2004]  rho2[0.1997,0.2000,0.2002]
  iter   2300   err=2.976e-07   err_delta=8.360e-10   xi1=0.0200   xi2=0.0200   rho1[0.1998,0.2000,0.2003]  rho2[0.1998,0.2000,0.2002]
  iter   2400   err=2.249e-07   err_delta=6.298e-10   xi1=0.0200   xi2=0.0200   rho1[0.1998,0.2000,0.2002]  rho2[0.1998,0.2000,0.2001]
  iter   2500   err=1.701e-07   err_delta=4.747e-10   xi1=0.0200   xi2=0.0200   rho1[0.1999,0.2000,0.2002]  rho2[0.1999,0.2000,0.2001]
  iter   2600   err=1.288e-07   err_delta=3.582e-10   xi1=0.0200   xi2=0.0200   rho1[0.1999,0.2000,0.2001]  rho2[0.1999,0.2000,0.2001]
  iter   2700   err=9.765e-08   err_delta=2.704e-10   xi1=0.0200   xi2=0.0200   rho1[0.1999,0.2000,0.2001]  rho2[0.1999,0.2000,0.2001]
  iter   2800   err=7.410e-08   err_delta=2.044e-10   xi1=0.0200   xi2=0.0200   rho1[0.1999,0.2000,0.2001]  rho2[0.1999,0.2000,0.2000]
  iter   2900   err=5.629e-08   err_delta=1.546e-10   xi1=0.0200   xi2=0.0200   rho1[0.2000,0.2000,0.2001]  rho2[0.2000,0.2000,0.2000]
  iter   3000   err=4.281e-08   err_delta=1.171e-10   xi1=0.0200   xi2=0.0200   rho1[0.2000,0.2000,0.2000]  rho2[0.2000,0.2000,0.2000]
  iter   3100   err=3.260e-08   err_delta=8.875e-11   xi1=0.0200   xi2=0.0200   rho1[0.2000,0.2000,0.2000]  rho2[0.2000,0.2000,0.2000]
  iter   3200   err=2.486e-08   err_delta=6.735e-11   xi1=0.0200   xi2=0.0200   rho1[0.2000,0.2000,0.2000]  rho2[0.2000,0.2000,0.2000]
  iter   3300   err=1.898e-08   err_delta=5.117e-11   xi1=0.0200   xi2=0.0200   rho1[0.2000,0.2000,0.2000]  rho2[0.2000,0.2000,0.2000]
  iter   3400   err=1.451e-08   err_delta=3.892e-11   xi1=0.0200   xi2=0.0200   rho1[0.2000,0.2000,0.2000]  rho2[0.2000,0.2000,0.2000]
  iter   3500   err=1.111e-08   err_delta=2.965e-11   xi1=0.0200   xi2=0.0200   rho1[0.2000,0.2000,0.2000]  rho2[0.2000,0.2000,0.2000]
  Converged at iteration 3540  (err=9.985e-09 < 1.000e-08, 1300.78 s GPU)

Final profiles saved to '/mnt/shared/Studying_2026_2/ACS/SALR3YUCUDA/analysis/results/real_params_cuda_vs_cpu_20260413_010021/cuda'.

